build/intermediates/manifest_merge_blame_file/debug/manifest-merger-blame-debug-report.txt
1<?xml version="1.0" encoding="utf-8"?>
2<manifest xmlns:android="http://schemas.android.com/apk/res/android"
3    package="org.opencv"
4    android:versionCode="4120"
5    android:versionName="4.1.2" >
6
7    <uses-sdk
8        android:minSdkVersion="21"
8-->OpenCV412\java\AndroidManifest.xml
9        android:targetSdkVersion="26" />
9-->OpenCV412\java\AndroidManifest.xml
10
11    <uses-permission android:name="android.permission.CAMERA" />
11-->OpenCV412\java\AndroidManifest.xml:6:5-65
11-->OpenCV412\java\AndroidManifest.xml:6:22-62
12    <uses-permission android:name="android.permission.WRITE_EXTERNAL_STORAGE" />
12-->OpenCV412\java\AndroidManifest.xml:7:5-81
12-->OpenCV412\java\AndroidManifest.xml:7:22-78
13    <uses-permission android:name="android.permission.INTERNET" />
13-->OpenCV412\java\AndroidManifest.xml:8:5-67
13-->OpenCV412\java\AndroidManifest.xml:8:22-64
14
15    <uses-feature
15-->OpenCV412\java\AndroidManifest.xml:10:5-84
16        android:name="android.hardware.camera"
16-->OpenCV412\java\AndroidManifest.xml:10:19-57
17        android:required="false" />
17-->OpenCV412\java\AndroidManifest.xml:10:58-82
18    <uses-feature
18-->OpenCV412\java\AndroidManifest.xml:11:5-94
19        android:name="android.hardware.camera.autofocus"
19-->OpenCV412\java\AndroidManifest.xml:11:19-67
20        android:required="false" />
20-->OpenCV412\java\AndroidManifest.xml:11:68-92
21    <uses-feature
21-->OpenCV412\java\AndroidManifest.xml:12:5-90
22        android:name="android.hardware.camera.front"
22-->OpenCV412\java\AndroidManifest.xml:12:19-63
23        android:required="false" />
23-->OpenCV412\java\AndroidManifest.xml:12:64-88
24    <uses-feature
24-->OpenCV412\java\AndroidManifest.xml:13:5-100
25        android:name="android.hardware.camera.front.autofocus"
25-->OpenCV412\java\AndroidManifest.xml:13:19-73
26        android:required="false" />
26-->OpenCV412\java\AndroidManifest.xml:13:74-98
27
28</manifest>